Using pre-set license
Built from '2020.3/staging' branch; Version is '2020.3.23f1 (c5d91304a876) revision 12966163'; Using compiler version '192528614'; Build Type 'Release'
OS: 'Windows 10 Home; OS build 19042.1466; Version 2009; 64bit' Language: 'ko' Physical Memory: 8059 MB
BatchMode: 1, IsHumanControllingUs: 0, StartBugReporterOnCrash: 0, Is64bit: 1, IsPro: 0

COMMAND LINE ARGUMENTS:
C:\Program Files\Unity\Hub\Editor\2020.3.23f1\Editor\Unity.exe
-adb2
-batchMode
-noUpm
-name
AssetImportWorker0
-projectPath
C:/Users/westk/Documents/학교/XReal(2021)/xTown
-logFile
Logs/AssetImportWorker0.log
-srvPort
65470
Successfully changed project path to: C:/Users/westk/Documents/학교/XReal(2021)/xTown
C:/Users/westk/Documents/학교/XReal(2021)/xTown
Using Asset Import Pipeline V2.
Refreshing native plugins compatible for Editor in 77.57 ms, found 2 plugins.
Preloading 0 native plugins for Editor in 0.00 ms.
Initialize engine version: 2020.3.23f1 (c5d91304a876)
[Subsystems] Discovering subsystems at path C:/Program Files/Unity/Hub/Editor/2020.3.23f1/Editor/Data/Resources/UnitySubsystems
[Subsystems] Discovering subsystems at path C:/Users/westk/Documents/학교/XReal(2021)/xTown/Assets
GfxDevice: creating device client; threaded=0
Direct3D:
    Version:  Direct3D 11.0 [level 11.1]
    Renderer: Intel(R) UHD Graphics 620 (ID=0x5917)
    Vendor:   
    VRAM:     4029 MB
    Driver:   27.20.100.8681
Initialize mono
Mono path[0] = 'C:/Program Files/Unity/Hub/Editor/2020.3.23f1/Editor/Data/Managed'
Mono path[1] = 'C:/Program Files/Unity/Hub/Editor/2020.3.23f1/Editor/Data/MonoBleedingEdge/lib/mono/unityjit'
Mono config path = 'C:/Program Files/Unity/Hub/Editor/2020.3.23f1/Editor/Data/MonoBleedingEdge/etc'
Using monoOptions --debugger-agent=transport=dt_socket,embedding=1,server=y,suspend=n,address=127.0.0.1:56828
Begin MonoManager ReloadAssembly
Registering precompiled unity dll's ...
Register platform support module: C:/Program Files/Unity/Hub/Editor/2020.3.23f1/Editor/Data/PlaybackEngines/WebGLSupport/UnityEditor.WebGL.Extensions.dll
Register platform support module: C:/Program Files/Unity/Hub/Editor/2020.3.23f1/Editor/Data/PlaybackEngines/WindowsStandaloneSupport/UnityEditor.WindowsStandalone.Extensions.dll
Registered in 0.008969 seconds.
Native extension for WindowsStandalone target not found
Native extension for WebGL target not found
Refreshing native plugins compatible for Editor in 47.04 ms, found 2 plugins.
Preloading 0 native plugins for Editor in 0.00 ms.
Mono: successfully reloaded assembly
- Completed reload, in  0.944 seconds
Domain Reload Profiling:
	ReloadAssembly (945ms)
		BeginReloadAssembly (131ms)
			ExecutionOrderSort (0ms)
			DisableScriptedObjects (0ms)
			BackupInstance (0ms)
			ReleaseScriptingObjects (0ms)
			CreateAndSetChildDomain (1ms)
		EndReloadAssembly (667ms)
			LoadAssemblies (127ms)
			RebuildTransferFunctionScriptingTraits (0ms)
			SetupTypeCache (226ms)
			ReleaseScriptCaches (0ms)
			RebuildScriptCaches (39ms)
			SetupLoadedEditorAssemblies (233ms)
				LogAssemblyErrors (0ms)
				InitializePlatformSupportModulesInManaged (10ms)
				SetLoadedEditorAssemblies (0ms)
				RefreshPlugins (47ms)
				BeforeProcessingInitializeOnLoad (22ms)
				ProcessInitializeOnLoadAttributes (110ms)
				ProcessInitializeOnLoadMethodAttributes (42ms)
				AfterProcessingInitializeOnLoad (0ms)
				EditorAssembliesLoaded (0ms)
			ExecutionOrderSort2 (0ms)
			AwakeInstancesAfterBackupRestoration (0ms)
Platform modules already initialized, skipping
Registering precompiled user dll's ...
Registered in 0.028589 seconds.
Begin MonoManager ReloadAssembly
Native extension for WindowsStandalone target not found
Native extension for WebGL target not found
Refreshing native plugins compatible for Editor in 0.51 ms, found 2 plugins.
Preloading 0 native plugins for Editor in 0.00 ms.
Mono: successfully reloaded assembly
- Completed reload, in  1.654 seconds
Domain Reload Profiling:
	ReloadAssembly (1656ms)
		BeginReloadAssembly (215ms)
			ExecutionOrderSort (0ms)
			DisableScriptedObjects (5ms)
			BackupInstance (0ms)
			ReleaseScriptingObjects (0ms)
			CreateAndSetChildDomain (24ms)
		EndReloadAssembly (1302ms)
			LoadAssemblies (166ms)
			RebuildTransferFunctionScriptingTraits (0ms)
			SetupTypeCache (423ms)
			ReleaseScriptCaches (0ms)
			RebuildScriptCaches (60ms)
			SetupLoadedEditorAssemblies (539ms)
				LogAssemblyErrors (0ms)
				InitializePlatformSupportModulesInManaged (9ms)
				SetLoadedEditorAssemblies (1ms)
				RefreshPlugins (1ms)
				BeforeProcessingInitializeOnLoad (165ms)
				ProcessInitializeOnLoadAttributes (310ms)
				ProcessInitializeOnLoadMethodAttributes (21ms)
				AfterProcessingInitializeOnLoad (33ms)
				EditorAssembliesLoaded (0ms)
			ExecutionOrderSort2 (0ms)
			AwakeInstancesAfterBackupRestoration (10ms)
Platform modules already initialized, skipping
========================================================================
Worker process is ready to serve import requests
Launched and connected shader compiler UnityShaderCompiler.exe after 0.12 seconds
Refreshing native plugins compatible for Editor in 0.48 ms, found 2 plugins.
Preloading 0 native plugins for Editor in 0.00 ms.
Unloading 1740 Unused Serialized files (Serialized files now loaded: 0)
System memory in use before: 80.3 MB.
System memory in use after: 80.4 MB.

Unloading 25 unused Assets to reduce memory usage. Loaded Objects now: 2167.
Total: 3.745400 ms (FindLiveObjects: 0.352200 ms CreateObjectMapping: 0.069200 ms MarkObjects: 3.215300 ms  DeleteObjects: 0.107400 ms)

AssetImportParameters requested are different than current active one (requested -> active):
  custom:framework-win-MediaFoundation: 216162199b28c13a410421893ffa2e32 -> 
  custom:video-decoder-ogg-theora: a1e56fd34408186e4bbccfd4996cb3dc -> 
  custom:container-muxer-webm: aa71ff27fc2769a1b78a27578f13a17b -> 
  custom:container-demuxer-webm: 4f35f7cbe854078d1ac9338744f61a02 -> 
  custom:container-demuxer-ogg: 62fdf1f143b41e24485cea50d1cbac27 -> 
  custom:video-encoder-webm-vp8: eb34c28f22e8b96e1ab97ce403110664 -> 
  custom:video-codec-MediaFoundation-h265: 746d11721c4dcdbdad8f713fa42b33f4 -> 
  custom:video-decoder-webm-vp8: 9c59270c3fd7afecdb556c50c9e8de78 -> 
  custom:audio-decoder-ogg-vorbis: bf7c407c2cedff20999df2af8eb42d56 -> 
  custom:audio-encoder-webm-vorbis: bf7c407c2cedff20999df2af8eb42d56 -> 
========================================================================
Received Import Request.
  path: Assets/Scenes/BlockJump/Block/ReflectionProbe-0.exr
  artifactKey: Guid(2e7c5cb1df4751f419e3296b51a0ea93) Importer(815301076,1909f56bfc062723c751e8b465ee728b)
Start importing Assets/Scenes/BlockJump/Block/ReflectionProbe-0.exr using Guid(2e7c5cb1df4751f419e3296b51a0ea93) Importer(815301076,1909f56bfc062723c751e8b465ee728b)  -> (artifact id: '659203fff46fdb33afc2b31a3e68eb04') in 0.269940 seconds 
  Import took 0.274526 seconds .

========================================================================
Received Import Request.
  Time since last request: 0.000427 seconds.
  path: Assets/Prefabs/MainRoom.prefab
  artifactKey: Guid(d8f6ee27d3e3d1f44bde29186f797232) Importer(815301076,1909f56bfc062723c751e8b465ee728b)
Start importing Assets/Prefabs/MainRoom.prefab using Guid(d8f6ee27d3e3d1f44bde29186f797232) Importer(815301076,1909f56bfc062723c751e8b465ee728b)  -> (artifact id: 'ec36a61c4c4efb5396954e8c8149cafb') in 0.148646 seconds 
  Import took 0.157246 seconds .

========================================================================
Received Import Request.
  Time since last request: 0.000606 seconds.
  path: Assets/Scenes/BlockJump/Block
  artifactKey: Guid(07f5fadf3616ede4a86600e7f246bc81) Importer(815301076,1909f56bfc062723c751e8b465ee728b)
Start importing Assets/Scenes/BlockJump/Block using Guid(07f5fadf3616ede4a86600e7f246bc81) Importer(815301076,1909f56bfc062723c751e8b465ee728b)  -> (artifact id: '678e392ea50c7d127aa63b1aa05f705a') in 0.009482 seconds 
  Import took 0.015769 seconds .

========================================================================
Received Import Request.
  Time since last request: 0.000817 seconds.
  path: Assets/Scenes/BlockJump/Block/LightingData.asset
  artifactKey: Guid(b416186730b31b34b8813193b1312d4f) Importer(815301076,1909f56bfc062723c751e8b465ee728b)
Start importing Assets/Scenes/BlockJump/Block/LightingData.asset using Guid(b416186730b31b34b8813193b1312d4f) Importer(815301076,1909f56bfc062723c751e8b465ee728b)  -> (artifact id: '7895355df1804070cad5a84a258a94f6') in 0.026316 seconds 
  Import took 0.034098 seconds .

========================================================================
Received Import Request.
  Time since last request: 0.000659 seconds.
  path: Assets/Prefabs/Dalligi/Jihee
  artifactKey: Guid(36a0058724e67384c81b18faedf6efc6) Importer(815301076,1909f56bfc062723c751e8b465ee728b)
Start importing Assets/Prefabs/Dalligi/Jihee using Guid(36a0058724e67384c81b18faedf6efc6) Importer(815301076,1909f56bfc062723c751e8b465ee728b)  -> (artifact id: '6ca094250929103db0c9778ce6f8927b') in 0.013673 seconds 
  Import took 0.020378 seconds .

========================================================================
Received Import Request.
  Time since last request: 0.000741 seconds.
  path: Assets/Prefabs/Dalligi
  artifactKey: Guid(5acb529faafd2e4488562cee7dc69a09) Importer(815301076,1909f56bfc062723c751e8b465ee728b)
Start importing Assets/Prefabs/Dalligi using Guid(5acb529faafd2e4488562cee7dc69a09) Importer(815301076,1909f56bfc062723c751e8b465ee728b)  -> (artifact id: 'cb5cd8c56a46b6f01c945007e6353f9b') in 0.015615 seconds 
  Import took 0.021471 seconds .

========================================================================
Received Import Request.
  Time since last request: 7.147125 seconds.
  path: Assets/Prefabs/BlockJump
  artifactKey: Guid(0881ff425a56ada4b9e93a0ec7387abc) Importer(815301076,1909f56bfc062723c751e8b465ee728b)
Start importing Assets/Prefabs/BlockJump using Guid(0881ff425a56ada4b9e93a0ec7387abc) Importer(815301076,1909f56bfc062723c751e8b465ee728b)  -> (artifact id: '3b2d3661ab13ea55fe626e4d8b7860dc') in 0.011873 seconds 
  Import took 0.018356 seconds .

========================================================================
Received Import Request.
  Time since last request: 111.040212 seconds.
  path: Assets/Scripts/BlockJump/GameManager.cs
  artifactKey: Guid(f7c525958ab43444e878a936f16e1c0f) Importer(815301076,1909f56bfc062723c751e8b465ee728b)
Start importing Assets/Scripts/BlockJump/GameManager.cs using Guid(f7c525958ab43444e878a936f16e1c0f) Importer(815301076,1909f56bfc062723c751e8b465ee728b)  -> (artifact id: 'a57d31bae2978a4471d73b24885c5f23') in 0.101920 seconds 
  Import took 0.110789 seconds .

========================================================================
Received Import Request.
  Time since last request: 350.116938 seconds.
  path: ProjectSettings/TagManager.asset
  artifactKey: Guid(00000000000000003000000000000000) Importer(815301076,1909f56bfc062723c751e8b465ee728b)
Start importing ProjectSettings/TagManager.asset using Guid(00000000000000003000000000000000) Importer(815301076,1909f56bfc062723c751e8b465ee728b)  -> (artifact id: 'ce6a35c3cddc746e7501c0bd0ed6d4ce') in 0.010171 seconds 
  Import took 0.017029 seconds .

========================================================================
Received Prepare
Registering precompiled user dll's ...
Registered in 0.051668 seconds.
Begin MonoManager ReloadAssembly
Native extension for WindowsStandalone target not found
Native extension for WebGL target not found
Refreshing native plugins compatible for Editor in 0.85 ms, found 2 plugins.
Preloading 0 native plugins for Editor in 0.00 ms.
Mono: successfully reloaded assembly
- Completed reload, in  1.694 seconds
Domain Reload Profiling:
	ReloadAssembly (1695ms)
		BeginReloadAssembly (205ms)
			ExecutionOrderSort (0ms)
			DisableScriptedObjects (5ms)
			BackupInstance (0ms)
			ReleaseScriptingObjects (0ms)
			CreateAndSetChildDomain (45ms)
		EndReloadAssembly (1368ms)
			LoadAssemblies (184ms)
			RebuildTransferFunctionScriptingTraits (0ms)
			SetupTypeCache (545ms)
			ReleaseScriptCaches (1ms)
			RebuildScriptCaches (55ms)
			SetupLoadedEditorAssemblies (474ms)
				LogAssemblyErrors (0ms)
				InitializePlatformSupportModulesInManaged (10ms)
				SetLoadedEditorAssemblies (1ms)
				RefreshPlugins (1ms)
				BeforeProcessingInitializeOnLoad (140ms)
				ProcessInitializeOnLoadAttributes (268ms)
				ProcessInitializeOnLoadMethodAttributes (16ms)
				AfterProcessingInitializeOnLoad (38ms)
				EditorAssembliesLoaded (1ms)
			ExecutionOrderSort2 (0ms)
			AwakeInstancesAfterBackupRestoration (13ms)
Platform modules already initialized, skipping
Refreshing native plugins compatible for Editor in 0.74 ms, found 2 plugins.
Preloading 0 native plugins for Editor in 0.00 ms.
Unloading 1720 Unused Serialized files (Serialized files now loaded: 0)
System memory in use before: 82.1 MB.
System memory in use after: 82.2 MB.

Unloading 20 unused Assets to reduce memory usage. Loaded Objects now: 2202.
Total: 3.457000 ms (FindLiveObjects: 0.196000 ms CreateObjectMapping: 0.061300 ms MarkObjects: 3.174900 ms  DeleteObjects: 0.023800 ms)

AssetImportParameters requested are different than current active one (requested -> active):
  custom:framework-win-MediaFoundation: 216162199b28c13a410421893ffa2e32 -> 
  custom:video-decoder-ogg-theora: a1e56fd34408186e4bbccfd4996cb3dc -> 
  custom:container-muxer-webm: aa71ff27fc2769a1b78a27578f13a17b -> 
  custom:container-demuxer-webm: 4f35f7cbe854078d1ac9338744f61a02 -> 
  custom:container-demuxer-ogg: 62fdf1f143b41e24485cea50d1cbac27 -> 
  custom:video-encoder-webm-vp8: eb34c28f22e8b96e1ab97ce403110664 -> 
  custom:video-codec-MediaFoundation-h265: 746d11721c4dcdbdad8f713fa42b33f4 -> 
  custom:video-decoder-webm-vp8: 9c59270c3fd7afecdb556c50c9e8de78 -> 
  custom:audio-decoder-ogg-vorbis: bf7c407c2cedff20999df2af8eb42d56 -> 
  custom:audio-encoder-webm-vorbis: bf7c407c2cedff20999df2af8eb42d56 -> 
========================================================================
Received Import Request.
  Time since last request: 361.259364 seconds.
  path: Assets/FBX/xtown_중앙회의실.fbx
  artifactKey: Guid(43e68672f40680742929b273af401d59) Importer(815301076,1909f56bfc062723c751e8b465ee728b)
Start importing Assets/FBX/xtown_중앙회의실.fbx using Guid(43e68672f40680742929b273af401d59) Importer(815301076,1909f56bfc062723c751e8b465ee728b)  -> (artifact id: '74370e110004dfb8efbeace4b8fb115b') in 0.590591 seconds 
  Import took 0.598179 seconds .

========================================================================
Received Import Request.
  Time since last request: 7.325398 seconds.
  path: Assets/Prefabs/BlockJump/BlockStatic.prefab
  artifactKey: Guid(63d119750bb830841afae7bd3ca3e982) Importer(815301076,1909f56bfc062723c751e8b465ee728b)
Start importing Assets/Prefabs/BlockJump/BlockStatic.prefab using Guid(63d119750bb830841afae7bd3ca3e982) Importer(815301076,1909f56bfc062723c751e8b465ee728b)  -> (artifact id: '33fddcfa19bbad7e8cf93b4b674d98a9') in 0.050332 seconds 
  Import took 0.056305 seconds .

========================================================================
Received Import Request.
  Time since last request: 6.725706 seconds.
  path: Assets/Prefabs/BlockJump/BlockMove.prefab
  artifactKey: Guid(fe868362098f75343976bcade2251dd9) Importer(815301076,1909f56bfc062723c751e8b465ee728b)
Start importing Assets/Prefabs/BlockJump/BlockMove.prefab using Guid(fe868362098f75343976bcade2251dd9) Importer(815301076,1909f56bfc062723c751e8b465ee728b)  -> (artifact id: '36749ff9208726697b52d77199d55aab') in 0.040833 seconds 
  Import took 0.072857 seconds .

========================================================================
Received Import Request.
  Time since last request: 5.353041 seconds.
  path: Assets/Prefabs/BlockJump/BlockResize.prefab
  artifactKey: Guid(194ca4d46d9ccb04195f85a9a4c187a6) Importer(815301076,1909f56bfc062723c751e8b465ee728b)
Start importing Assets/Prefabs/BlockJump/BlockResize.prefab using Guid(194ca4d46d9ccb04195f85a9a4c187a6) Importer(815301076,1909f56bfc062723c751e8b465ee728b)  -> (artifact id: 'f2c51bc69c0d2afcacb86d4e87b57984') in 0.030565 seconds 
  Import took 0.043024 seconds .

========================================================================
Received Import Request.
  Time since last request: 4.208665 seconds.
  path: Assets/Prefabs/BlockJump/BlockTransparent.prefab
  artifactKey: Guid(d72dd2c8176d1ab46851bac37c60c3a7) Importer(815301076,1909f56bfc062723c751e8b465ee728b)
Start importing Assets/Prefabs/BlockJump/BlockTransparent.prefab using Guid(d72dd2c8176d1ab46851bac37c60c3a7) Importer(815301076,1909f56bfc062723c751e8b465ee728b)  -> (artifact id: '7ec6d6cd491252c53f9b7f21aab6bf23') in 0.037380 seconds 
  Import took 0.046221 seconds .

========================================================================
Received Import Request.
  Time since last request: 6.254503 seconds.
  path: Assets/Prefabs/BlockJump/Coin.prefab
  artifactKey: Guid(58f0d82111a00c8458f7d414fa58c55a) Importer(815301076,1909f56bfc062723c751e8b465ee728b)
Start importing Assets/Prefabs/BlockJump/Coin.prefab using Guid(58f0d82111a00c8458f7d414fa58c55a) Importer(815301076,1909f56bfc062723c751e8b465ee728b)  -> (artifact id: '482d746338764643e74b91c2582065e6') in 0.145812 seconds 
  Import took 0.150959 seconds .

========================================================================
Received Prepare
Registering precompiled user dll's ...
Registered in 0.015841 seconds.
Begin MonoManager ReloadAssembly
Native extension for WindowsStandalone target not found
Native extension for WebGL target not found
Refreshing native plugins compatible for Editor in 0.46 ms, found 2 plugins.
Preloading 0 native plugins for Editor in 0.00 ms.
Mono: successfully reloaded assembly
- Completed reload, in  1.674 seconds
Domain Reload Profiling:
	ReloadAssembly (1674ms)
		BeginReloadAssembly (246ms)
			ExecutionOrderSort (0ms)
			DisableScriptedObjects (5ms)
			BackupInstance (0ms)
			ReleaseScriptingObjects (0ms)
			CreateAndSetChildDomain (69ms)
		EndReloadAssembly (1284ms)
			LoadAssemblies (262ms)
			RebuildTransferFunctionScriptingTraits (0ms)
			SetupTypeCache (431ms)
			ReleaseScriptCaches (1ms)
			RebuildScriptCaches (59ms)
			SetupLoadedEditorAssemblies (457ms)
				LogAssemblyErrors (0ms)
				InitializePlatformSupportModulesInManaged (9ms)
				SetLoadedEditorAssemblies (1ms)
				RefreshPlugins (1ms)
				BeforeProcessingInitializeOnLoad (134ms)
				ProcessInitializeOnLoadAttributes (265ms)
				ProcessInitializeOnLoadMethodAttributes (15ms)
				AfterProcessingInitializeOnLoad (32ms)
				EditorAssembliesLoaded (0ms)
			ExecutionOrderSort2 (0ms)
			AwakeInstancesAfterBackupRestoration (8ms)
Platform modules already initialized, skipping
Refreshing native plugins compatible for Editor in 0.79 ms, found 2 plugins.
Preloading 0 native plugins for Editor in 0.00 ms.
Unloading 1720 Unused Serialized files (Serialized files now loaded: 0)
System memory in use before: 82.5 MB.
System memory in use after: 82.6 MB.

Unloading 19 unused Assets to reduce memory usage. Loaded Objects now: 2221.
Total: 4.662400 ms (FindLiveObjects: 0.242800 ms CreateObjectMapping: 0.080200 ms MarkObjects: 4.309100 ms  DeleteObjects: 0.028500 ms)

AssetImportParameters requested are different than current active one (requested -> active):
  custom:framework-win-MediaFoundation: 216162199b28c13a410421893ffa2e32 -> 
  custom:video-decoder-ogg-theora: a1e56fd34408186e4bbccfd4996cb3dc -> 
  custom:container-muxer-webm: aa71ff27fc2769a1b78a27578f13a17b -> 
  custom:container-demuxer-webm: 4f35f7cbe854078d1ac9338744f61a02 -> 
  custom:container-demuxer-ogg: 62fdf1f143b41e24485cea50d1cbac27 -> 
  custom:video-encoder-webm-vp8: eb34c28f22e8b96e1ab97ce403110664 -> 
  custom:video-codec-MediaFoundation-h265: 746d11721c4dcdbdad8f713fa42b33f4 -> 
  custom:video-decoder-webm-vp8: 9c59270c3fd7afecdb556c50c9e8de78 -> 
  custom:audio-decoder-ogg-vorbis: bf7c407c2cedff20999df2af8eb42d56 -> 
  custom:audio-encoder-webm-vorbis: bf7c407c2cedff20999df2af8eb42d56 -> 
========================================================================
Received Import Request.
  Time since last request: 63.398255 seconds.
  path: Assets/Scripts/BlockJump
  artifactKey: Guid(36d2c54c0f54b2744a53c8908d5eb46c) Importer(815301076,1909f56bfc062723c751e8b465ee728b)
Start importing Assets/Scripts/BlockJump using Guid(36d2c54c0f54b2744a53c8908d5eb46c) Importer(815301076,1909f56bfc062723c751e8b465ee728b)  -> (artifact id: 'd859255917a4414a8d2eea48863355c5') in 0.011614 seconds 
  Import took 0.015160 seconds .

========================================================================
Received Import Request.
  Time since last request: 1.414789 seconds.
  path: Assets/Scripts/BlockJump/CoinScript.cs
  artifactKey: Guid(292e423332a09bd4f974a6259e99c3a9) Importer(815301076,1909f56bfc062723c751e8b465ee728b)
Start importing Assets/Scripts/BlockJump/CoinScript.cs using Guid(292e423332a09bd4f974a6259e99c3a9) Importer(815301076,1909f56bfc062723c751e8b465ee728b)  -> (artifact id: 'a095be939eb127c8407916b3e241c49b') in 0.009947 seconds 
  Import took 0.013927 seconds .

========================================================================
Received Import Request.
  Time since last request: 0.632950 seconds.
  path: Assets/Scripts/BlockJump/PlayerController.cs
  artifactKey: Guid(625f67392db66304b93fead87bf342bb) Importer(815301076,1909f56bfc062723c751e8b465ee728b)
Start importing Assets/Scripts/BlockJump/PlayerController.cs using Guid(625f67392db66304b93fead87bf342bb) Importer(815301076,1909f56bfc062723c751e8b465ee728b)  -> (artifact id: 'b8bf258f9683a4a362e1aa8e6311c734') in 0.010655 seconds 
  Import took 0.015393 seconds .

========================================================================
Received Prepare
Registering precompiled user dll's ...
Registered in 0.050400 seconds.
Begin MonoManager ReloadAssembly
Native extension for WindowsStandalone target not found
Native extension for WebGL target not found
Refreshing native plugins compatible for Editor in 1.54 ms, found 2 plugins.
Preloading 0 native plugins for Editor in 0.00 ms.
Mono: successfully reloaded assembly
- Completed reload, in  1.997 seconds
Domain Reload Profiling:
	ReloadAssembly (1998ms)
		BeginReloadAssembly (276ms)
			ExecutionOrderSort (0ms)
			DisableScriptedObjects (11ms)
			BackupInstance (0ms)
			ReleaseScriptingObjects (0ms)
			CreateAndSetChildDomain (39ms)
		EndReloadAssembly (1590ms)
			LoadAssemblies (368ms)
			RebuildTransferFunctionScriptingTraits (0ms)
			SetupTypeCache (524ms)
			ReleaseScriptCaches (1ms)
			RebuildScriptCaches (78ms)
			SetupLoadedEditorAssemblies (578ms)
				LogAssemblyErrors (0ms)
				InitializePlatformSupportModulesInManaged (11ms)
				SetLoadedEditorAssemblies (1ms)
				RefreshPlugins (2ms)
				BeforeProcessingInitializeOnLoad (149ms)
				ProcessInitializeOnLoadAttributes (356ms)
				ProcessInitializeOnLoadMethodAttributes (23ms)
				AfterProcessingInitializeOnLoad (35ms)
				EditorAssembliesLoaded (0ms)
			ExecutionOrderSort2 (0ms)
			AwakeInstancesAfterBackupRestoration (8ms)
Platform modules already initialized, skipping
Refreshing native plugins compatible for Editor in 0.61 ms, found 2 plugins.
Preloading 0 native plugins for Editor in 0.00 ms.
Unloading 1720 Unused Serialized files (Serialized files now loaded: 0)
System memory in use before: 82.5 MB.
System memory in use after: 82.6 MB.

Unloading 19 unused Assets to reduce memory usage. Loaded Objects now: 2224.
Total: 6.544700 ms (FindLiveObjects: 0.283400 ms CreateObjectMapping: 0.105100 ms MarkObjects: 6.093700 ms  DeleteObjects: 0.060300 ms)

AssetImportParameters requested are different than current active one (requested -> active):
  custom:framework-win-MediaFoundation: 216162199b28c13a410421893ffa2e32 -> 
  custom:video-decoder-ogg-theora: a1e56fd34408186e4bbccfd4996cb3dc -> 
  custom:container-muxer-webm: aa71ff27fc2769a1b78a27578f13a17b -> 
  custom:container-demuxer-webm: 4f35f7cbe854078d1ac9338744f61a02 -> 
  custom:container-demuxer-ogg: 62fdf1f143b41e24485cea50d1cbac27 -> 
  custom:video-encoder-webm-vp8: eb34c28f22e8b96e1ab97ce403110664 -> 
  custom:video-codec-MediaFoundation-h265: 746d11721c4dcdbdad8f713fa42b33f4 -> 
  custom:video-decoder-webm-vp8: 9c59270c3fd7afecdb556c50c9e8de78 -> 
  custom:audio-decoder-ogg-vorbis: bf7c407c2cedff20999df2af8eb42d56 -> 
  custom:audio-encoder-webm-vorbis: bf7c407c2cedff20999df2af8eb42d56 -> 
========================================================================
Received Import Request.
  Time since last request: 2011.663388 seconds.
  path: Assets/Scenes/BlockJump/Jihee.unity
  artifactKey: Guid(7e18b1e241d091c4fb338b9730eb9188) Importer(815301076,1909f56bfc062723c751e8b465ee728b)
Start importing Assets/Scenes/BlockJump/Jihee.unity using Guid(7e18b1e241d091c4fb338b9730eb9188) Importer(815301076,1909f56bfc062723c751e8b465ee728b)  -> (artifact id: '74285e79ace083494fa3ec1d4e594c5f') in 0.033575 seconds 
  Import took 0.040300 seconds .

========================================================================
Received Import Request.
  Time since last request: 30.638229 seconds.
  path: Assets/Scenes/BlockJump/Coin.unity
  artifactKey: Guid(93b9fd86b44542141b8da550fa4fd962) Importer(815301076,1909f56bfc062723c751e8b465ee728b)
Start importing Assets/Scenes/BlockJump/Coin.unity using Guid(93b9fd86b44542141b8da550fa4fd962) Importer(815301076,1909f56bfc062723c751e8b465ee728b)  -> (artifact id: '5d207b881896f98a9831705321ab8e4d') in 0.012649 seconds 
  Import took 0.018689 seconds .

========================================================================
Received Import Request.
  Time since last request: 0.495873 seconds.
  path: Assets/Scenes/BlockJump/Block.unity
  artifactKey: Guid(a81f02de407eeda419fa7a71b6c439cc) Importer(815301076,1909f56bfc062723c751e8b465ee728b)
Start importing Assets/Scenes/BlockJump/Block.unity using Guid(a81f02de407eeda419fa7a71b6c439cc) Importer(815301076,1909f56bfc062723c751e8b465ee728b)  -> (artifact id: '69c23dd330c72b442d83b6acd8e91a59') in 0.014164 seconds 
  Import took 0.019829 seconds .

========================================================================
Received Import Request.
  Time since last request: 0.414780 seconds.
  path: Assets/Scenes/BlockJump/Main.unity
  artifactKey: Guid(9ee9c494295d4ba40bac1deaceaa420b) Importer(815301076,1909f56bfc062723c751e8b465ee728b)
Start importing Assets/Scenes/BlockJump/Main.unity using Guid(9ee9c494295d4ba40bac1deaceaa420b) Importer(815301076,1909f56bfc062723c751e8b465ee728b)  -> (artifact id: '54c8deb44c0f935649a2defa72137e98') in 0.011476 seconds 
  Import took 0.015835 seconds .

========================================================================
Received Import Request.
  Time since last request: 32.969853 seconds.
  path: Assets/Scenes/BlockJump/Jihee.unity
  artifactKey: Guid(7e18b1e241d091c4fb338b9730eb9188) Importer(815301076,1909f56bfc062723c751e8b465ee728b)
Start importing Assets/Scenes/BlockJump/Jihee.unity using Guid(7e18b1e241d091c4fb338b9730eb9188) Importer(815301076,1909f56bfc062723c751e8b465ee728b)  -> (artifact id: '9d8f214485791c0470ca5059f37beb3c') in 0.015416 seconds 
  Import took 0.021815 seconds .

========================================================================
Received Import Request.
  Time since last request: 6.001936 seconds.
  path: Assets/Scenes/BlockJump/Main.unity
  artifactKey: Guid(7e18b1e241d091c4fb338b9730eb9188) Importer(815301076,1909f56bfc062723c751e8b465ee728b)
Start importing Assets/Scenes/BlockJump/Main.unity using Guid(7e18b1e241d091c4fb338b9730eb9188) Importer(815301076,1909f56bfc062723c751e8b465ee728b)  -> (artifact id: '0c2121beda98304d8a463789d6e39c3c') in 0.013855 seconds 
  Import took 0.023300 seconds .

========================================================================
Received Prepare
Registering precompiled user dll's ...
Registered in 0.031010 seconds.
Begin MonoManager ReloadAssembly
Native extension for WindowsStandalone target not found
Native extension for WebGL target not found
Refreshing native plugins compatible for Editor in 0.50 ms, found 2 plugins.
Preloading 0 native plugins for Editor in 0.00 ms.
Mono: successfully reloaded assembly
- Completed reload, in  1.803 seconds
Domain Reload Profiling:
	ReloadAssembly (1804ms)
		BeginReloadAssembly (253ms)
			ExecutionOrderSort (0ms)
			DisableScriptedObjects (7ms)
			BackupInstance (0ms)
			ReleaseScriptingObjects (0ms)
			CreateAndSetChildDomain (92ms)
		EndReloadAssembly (1436ms)
			LoadAssemblies (245ms)
			RebuildTransferFunctionScriptingTraits (0ms)
			SetupTypeCache (548ms)
			ReleaseScriptCaches (1ms)
			RebuildScriptCaches (51ms)
			SetupLoadedEditorAssemblies (469ms)
				LogAssemblyErrors (0ms)
				InitializePlatformSupportModulesInManaged (8ms)
				SetLoadedEditorAssemblies (1ms)
				RefreshPlugins (1ms)
				BeforeProcessingInitializeOnLoad (128ms)
				ProcessInitializeOnLoadAttributes (281ms)
				ProcessInitializeOnLoadMethodAttributes (15ms)
				AfterProcessingInitializeOnLoad (36ms)
				EditorAssembliesLoaded (1ms)
			ExecutionOrderSort2 (0ms)
			AwakeInstancesAfterBackupRestoration (12ms)
Platform modules already initialized, skipping
Refreshing native plugins compatible for Editor in 0.58 ms, found 2 plugins.
Preloading 0 native plugins for Editor in 0.00 ms.
Unloading 1720 Unused Serialized files (Serialized files now loaded: 0)
System memory in use before: 82.5 MB.
System memory in use after: 82.6 MB.

Unloading 19 unused Assets to reduce memory usage. Loaded Objects now: 2227.
Total: 8.613000 ms (FindLiveObjects: 0.700700 ms CreateObjectMapping: 0.256100 ms MarkObjects: 7.599500 ms  DeleteObjects: 0.051500 ms)

AssetImportParameters requested are different than current active one (requested -> active):
  custom:framework-win-MediaFoundation: 216162199b28c13a410421893ffa2e32 -> 
  custom:video-decoder-ogg-theora: a1e56fd34408186e4bbccfd4996cb3dc -> 
  custom:container-muxer-webm: aa71ff27fc2769a1b78a27578f13a17b -> 
  custom:container-demuxer-webm: 4f35f7cbe854078d1ac9338744f61a02 -> 
  custom:container-demuxer-ogg: 62fdf1f143b41e24485cea50d1cbac27 -> 
  custom:video-encoder-webm-vp8: eb34c28f22e8b96e1ab97ce403110664 -> 
  custom:video-codec-MediaFoundation-h265: 746d11721c4dcdbdad8f713fa42b33f4 -> 
  custom:video-decoder-webm-vp8: 9c59270c3fd7afecdb556c50c9e8de78 -> 
  custom:audio-decoder-ogg-vorbis: bf7c407c2cedff20999df2af8eb42d56 -> 
  custom:audio-encoder-webm-vorbis: bf7c407c2cedff20999df2af8eb42d56 -> 
