Using pre-set license
Built from '2020.3/staging' branch; Version is '2020.3.23f1 (c5d91304a876) revision 12966163'; Using compiler version '192528614'; Build Type 'Release'
OS: 'Windows 10 Home; OS build 19042.1466; Version 2009; 64bit' Language: 'ko' Physical Memory: 8059 MB
BatchMode: 1, IsHumanControllingUs: 0, StartBugReporterOnCrash: 0, Is64bit: 1, IsPro: 0

COMMAND LINE ARGUMENTS:
C:\Program Files\Unity\Hub\Editor\2020.3.23f1\Editor\Unity.exe
-adb2
-batchMode
-noUpm
-name
AssetImportWorker0
-projectPath
C:/Users/westk/Documents/학교/XReal(2021)/xTown
-logFile
Logs/AssetImportWorker0.log
-srvPort
60950
Successfully changed project path to: C:/Users/westk/Documents/학교/XReal(2021)/xTown
C:/Users/westk/Documents/학교/XReal(2021)/xTown
Using Asset Import Pipeline V2.
Refreshing native plugins compatible for Editor in 49.38 ms, found 2 plugins.
Preloading 0 native plugins for Editor in 0.00 ms.
Initialize engine version: 2020.3.23f1 (c5d91304a876)
[Subsystems] Discovering subsystems at path C:/Program Files/Unity/Hub/Editor/2020.3.23f1/Editor/Data/Resources/UnitySubsystems
[Subsystems] Discovering subsystems at path C:/Users/westk/Documents/학교/XReal(2021)/xTown/Assets
GfxDevice: creating device client; threaded=0
Direct3D:
    Version:  Direct3D 11.0 [level 11.1]
    Renderer: Intel(R) UHD Graphics 620 (ID=0x5917)
    Vendor:   
    VRAM:     4029 MB
    Driver:   27.20.100.8681
Initialize mono
Mono path[0] = 'C:/Program Files/Unity/Hub/Editor/2020.3.23f1/Editor/Data/Managed'
Mono path[1] = 'C:/Program Files/Unity/Hub/Editor/2020.3.23f1/Editor/Data/MonoBleedingEdge/lib/mono/unityjit'
Mono config path = 'C:/Program Files/Unity/Hub/Editor/2020.3.23f1/Editor/Data/MonoBleedingEdge/etc'
Using monoOptions --debugger-agent=transport=dt_socket,embedding=1,server=y,suspend=n,address=127.0.0.1:56544
Begin MonoManager ReloadAssembly
Registering precompiled unity dll's ...
Register platform support module: C:/Program Files/Unity/Hub/Editor/2020.3.23f1/Editor/Data/PlaybackEngines/WebGLSupport/UnityEditor.WebGL.Extensions.dll
Register platform support module: C:/Program Files/Unity/Hub/Editor/2020.3.23f1/Editor/Data/PlaybackEngines/WindowsStandaloneSupport/UnityEditor.WindowsStandalone.Extensions.dll
Registered in 0.006620 seconds.
Native extension for WindowsStandalone target not found
Native extension for WebGL target not found
Refreshing native plugins compatible for Editor in 52.03 ms, found 2 plugins.
Preloading 0 native plugins for Editor in 0.00 ms.
Mono: successfully reloaded assembly
- Completed reload, in  0.966 seconds
Domain Reload Profiling:
	ReloadAssembly (967ms)
		BeginReloadAssembly (109ms)
			ExecutionOrderSort (0ms)
			DisableScriptedObjects (0ms)
			BackupInstance (0ms)
			ReleaseScriptingObjects (0ms)
			CreateAndSetChildDomain (1ms)
		EndReloadAssembly (715ms)
			LoadAssemblies (104ms)
			RebuildTransferFunctionScriptingTraits (0ms)
			SetupTypeCache (208ms)
			ReleaseScriptCaches (0ms)
			RebuildScriptCaches (61ms)
			SetupLoadedEditorAssemblies (268ms)
				LogAssemblyErrors (0ms)
				InitializePlatformSupportModulesInManaged (12ms)
				SetLoadedEditorAssemblies (0ms)
				RefreshPlugins (52ms)
				BeforeProcessingInitializeOnLoad (29ms)
				ProcessInitializeOnLoadAttributes (133ms)
				ProcessInitializeOnLoadMethodAttributes (41ms)
				AfterProcessingInitializeOnLoad (0ms)
				EditorAssembliesLoaded (0ms)
			ExecutionOrderSort2 (0ms)
			AwakeInstancesAfterBackupRestoration (0ms)
Platform modules already initialized, skipping
Registering precompiled user dll's ...
Registered in 0.013106 seconds.
Begin MonoManager ReloadAssembly
Native extension for WindowsStandalone target not found
Native extension for WebGL target not found
Refreshing native plugins compatible for Editor in 0.39 ms, found 2 plugins.
Preloading 0 native plugins for Editor in 0.00 ms.
Mono: successfully reloaded assembly
- Completed reload, in  1.707 seconds
Domain Reload Profiling:
	ReloadAssembly (1708ms)
		BeginReloadAssembly (257ms)
			ExecutionOrderSort (0ms)
			DisableScriptedObjects (8ms)
			BackupInstance (0ms)
			ReleaseScriptingObjects (0ms)
			CreateAndSetChildDomain (27ms)
		EndReloadAssembly (1327ms)
			LoadAssemblies (165ms)
			RebuildTransferFunctionScriptingTraits (0ms)
			SetupTypeCache (424ms)
			ReleaseScriptCaches (0ms)
			RebuildScriptCaches (55ms)
			SetupLoadedEditorAssemblies (552ms)
				LogAssemblyErrors (0ms)
				InitializePlatformSupportModulesInManaged (9ms)
				SetLoadedEditorAssemblies (1ms)
				RefreshPlugins (0ms)
				BeforeProcessingInitializeOnLoad (153ms)
				ProcessInitializeOnLoadAttributes (337ms)
				ProcessInitializeOnLoadMethodAttributes (18ms)
				AfterProcessingInitializeOnLoad (33ms)
				EditorAssembliesLoaded (0ms)
			ExecutionOrderSort2 (0ms)
			AwakeInstancesAfterBackupRestoration (9ms)
Platform modules already initialized, skipping
========================================================================
Worker process is ready to serve import requests
Launched and connected shader compiler UnityShaderCompiler.exe after 0.14 seconds
Refreshing native plugins compatible for Editor in 0.38 ms, found 2 plugins.
Preloading 0 native plugins for Editor in 0.00 ms.
Unloading 1498 Unused Serialized files (Serialized files now loaded: 0)
System memory in use before: 70.0 MB.
System memory in use after: 70.1 MB.

Unloading 19 unused Assets to reduce memory usage. Loaded Objects now: 1930.
Total: 4.146400 ms (FindLiveObjects: 0.160100 ms CreateObjectMapping: 0.057900 ms MarkObjects: 3.820900 ms  DeleteObjects: 0.105200 ms)

AssetImportParameters requested are different than current active one (requested -> active):
  custom:framework-win-MediaFoundation: 216162199b28c13a410421893ffa2e32 -> 
  custom:video-decoder-ogg-theora: a1e56fd34408186e4bbccfd4996cb3dc -> 
  custom:container-muxer-webm: aa71ff27fc2769a1b78a27578f13a17b -> 
  custom:container-demuxer-webm: 4f35f7cbe854078d1ac9338744f61a02 -> 
  custom:container-demuxer-ogg: 62fdf1f143b41e24485cea50d1cbac27 -> 
  custom:video-encoder-webm-vp8: eb34c28f22e8b96e1ab97ce403110664 -> 
  custom:video-codec-MediaFoundation-h265: 746d11721c4dcdbdad8f713fa42b33f4 -> 
  custom:video-decoder-webm-vp8: 9c59270c3fd7afecdb556c50c9e8de78 -> 
  custom:audio-decoder-ogg-vorbis: bf7c407c2cedff20999df2af8eb42d56 -> 
  custom:audio-encoder-webm-vorbis: bf7c407c2cedff20999df2af8eb42d56 -> 
========================================================================
Received Import Request.
  path: Assets/Seoyeon/Prefabs/Block.prefab
  artifactKey: Guid(877df651962ed1d4ca60bbd3835e0620) Importer(815301076,1909f56bfc062723c751e8b465ee728b)
Start importing Assets/Seoyeon/Prefabs/Block.prefab using Guid(877df651962ed1d4ca60bbd3835e0620) Importer(815301076,1909f56bfc062723c751e8b465ee728b)  -> (artifact id: 'fbef9619d467418a61a70632d893794a') in 0.192393 seconds 
  Import took 0.196128 seconds .

========================================================================
Received Import Request.
  Time since last request: 0.000394 seconds.
  path: Assets/Seoyeon/Prefabs/BlockMove.prefab
  artifactKey: Guid(1fdae822376c7f44294b82f539dae7d9) Importer(815301076,1909f56bfc062723c751e8b465ee728b)
Start importing Assets/Seoyeon/Prefabs/BlockMove.prefab using Guid(1fdae822376c7f44294b82f539dae7d9) Importer(815301076,1909f56bfc062723c751e8b465ee728b)  -> (artifact id: 'ab2d54e791b77bbb5f546b3fce06ba6f') in 0.044725 seconds 
  Import took 0.048257 seconds .

========================================================================
Received Import Request.
  Time since last request: 0.000287 seconds.
  path: Assets/Seoyeon
  artifactKey: Guid(0d4bc964ca45fc7448a454d7eceb6db4) Importer(815301076,1909f56bfc062723c751e8b465ee728b)
Start importing Assets/Seoyeon using Guid(0d4bc964ca45fc7448a454d7eceb6db4) Importer(815301076,1909f56bfc062723c751e8b465ee728b)  -> (artifact id: '7e8fdf20ef4e1890409bda6f59b709a2') in 0.010330 seconds 
  Import took 0.014409 seconds .

========================================================================
Received Import Request.
  Time since last request: 0.000509 seconds.
  path: Assets/Seoyeon/Prefabs/BlockCrossing.prefab
  artifactKey: Guid(b971a23b64ea987449cf456e1215bbf3) Importer(815301076,1909f56bfc062723c751e8b465ee728b)
Start importing Assets/Seoyeon/Prefabs/BlockCrossing.prefab using Guid(b971a23b64ea987449cf456e1215bbf3) Importer(815301076,1909f56bfc062723c751e8b465ee728b)  -> (artifact id: '86bae53485d30939a843b0065722f27f') in 0.029460 seconds 
  Import took 0.034153 seconds .

========================================================================
Received Import Request.
  Time since last request: 0.000743 seconds.
  path: Assets/Seoyeon/Prefabs/BlockTransparent.prefab
  artifactKey: Guid(d72dd2c8176d1ab46851bac37c60c3a7) Importer(815301076,1909f56bfc062723c751e8b465ee728b)
Start importing Assets/Seoyeon/Prefabs/BlockTransparent.prefab using Guid(d72dd2c8176d1ab46851bac37c60c3a7) Importer(815301076,1909f56bfc062723c751e8b465ee728b)  -> (artifact id: '3847acedeb80df123f7a015508ac4878') in 0.033084 seconds 
  Import took 0.040851 seconds .

========================================================================
Received Import Request.
  Time since last request: 0.000457 seconds.
  path: Assets/Seoyeon/Materials/MoveLuminWhite.mat
  artifactKey: Guid(046005c5a489b394facad56aaa358361) Importer(815301076,1909f56bfc062723c751e8b465ee728b)
Start importing Assets/Seoyeon/Materials/MoveLuminWhite.mat using Guid(046005c5a489b394facad56aaa358361) Importer(815301076,1909f56bfc062723c751e8b465ee728b)  -> (artifact id: '7e17d9bcb1d495480e61e86eb5c258af') in 0.158995 seconds 
  Import took 0.163451 seconds .

========================================================================
Received Import Request.
  Time since last request: 0.000558 seconds.
  path: Assets/Seoyeon/Prefabs/BlockStatic.prefab
  artifactKey: Guid(63d119750bb830841afae7bd3ca3e982) Importer(815301076,1909f56bfc062723c751e8b465ee728b)
Start importing Assets/Seoyeon/Prefabs/BlockStatic.prefab using Guid(63d119750bb830841afae7bd3ca3e982) Importer(815301076,1909f56bfc062723c751e8b465ee728b)  -> (artifact id: 'af794c14aebef0a8d9e7ae77304fef60') in 0.041532 seconds 
  Import took 0.046000 seconds .

========================================================================
Received Import Request.
  Time since last request: 0.000336 seconds.
  path: Assets/Seoyeon/Prefabs/BlockResize.prefab
  artifactKey: Guid(194ca4d46d9ccb04195f85a9a4c187a6) Importer(815301076,1909f56bfc062723c751e8b465ee728b)
Start importing Assets/Seoyeon/Prefabs/BlockResize.prefab using Guid(194ca4d46d9ccb04195f85a9a4c187a6) Importer(815301076,1909f56bfc062723c751e8b465ee728b)  -> (artifact id: 'e03cba713fac5cb8b90d18564b1a434f') in 0.042357 seconds 
  Import took 0.046257 seconds .

========================================================================
Received Import Request.
  Time since last request: 0.000372 seconds.
  path: Assets/Seoyeon/Materials/ResizeMattBlack.mat
  artifactKey: Guid(af3d6aa9ff1d42b47970a551270ba682) Importer(815301076,1909f56bfc062723c751e8b465ee728b)
Start importing Assets/Seoyeon/Materials/ResizeMattBlack.mat using Guid(af3d6aa9ff1d42b47970a551270ba682) Importer(815301076,1909f56bfc062723c751e8b465ee728b)  -> (artifact id: '567c917d1740d95a6a0e3a0943a96e2a') in 0.036447 seconds 
  Import took 0.040363 seconds .

========================================================================
Received Import Request.
  Time since last request: 0.000603 seconds.
  path: Assets/Seoyeon/Materials/Transparent.mat
  artifactKey: Guid(9f5025cd88172f046a22d1c8fd30a5af) Importer(815301076,1909f56bfc062723c751e8b465ee728b)
Start importing Assets/Seoyeon/Materials/Transparent.mat using Guid(9f5025cd88172f046a22d1c8fd30a5af) Importer(815301076,1909f56bfc062723c751e8b465ee728b)  -> (artifact id: '63bdb2888a3ce2cf17b6f6d33f10f28a') in 0.037077 seconds 
  Import took 0.040424 seconds .

========================================================================
Received Import Request.
  Time since last request: 0.000496 seconds.
  path: Assets/Seoyeon/Materials/StaticLuminPink.mat
  artifactKey: Guid(e5a7bc63f96328543a1a76d6814f7473) Importer(815301076,1909f56bfc062723c751e8b465ee728b)
Start importing Assets/Seoyeon/Materials/StaticLuminPink.mat using Guid(e5a7bc63f96328543a1a76d6814f7473) Importer(815301076,1909f56bfc062723c751e8b465ee728b)  -> (artifact id: '6bc9a88f82c1f9a2df6aa97b421f9157') in 0.035772 seconds 
  Import took 0.039574 seconds .

